2023-03-27 11:06:14,750 INFO  [Log] **************************************************************************************** 
2023-03-27 11:06:14,751 INFO  [Log] **************************************************************************************** 
2023-03-27 11:06:14,751 INFO  [Log] $$$$$$$$$$$$$$$$$$$$$                 LogIn_01       $$$$$$$$$$$$$$$$$$$$$$$$$ 
2023-03-27 11:06:14,751 INFO  [Log] **************************************************************************************** 
2023-03-27 11:06:14,751 INFO  [Log] **************************************************************************************** 
2023-03-27 11:06:14,752 INFO  [Log] Opening Browser 
2023-03-27 11:06:17,607 INFO  [Log] Navigating to URL 
2023-03-27 11:06:21,881 INFO  [Log] Entering the text in UserName 
2023-03-27 11:06:21,947 INFO  [Log] Entering the text in Password 
2023-03-27 11:06:21,998 INFO  [Log] Clicking on Webelement btn_LogIn 
2023-03-27 11:06:22,031 INFO  [Log] Wait for 5 seconds 
2023-03-27 11:06:24,047 INFO  [Log] Clicking on Webelement btn_LogOut 
2023-03-27 11:06:24,083 INFO  [Log] Wait for 5 seconds 
2023-03-27 11:06:26,092 INFO  [Log] Closing the browser 
2023-03-27 11:06:26,482 INFO  [Log] XXXXXXXXXXXXXXXXXXXXXXX             -E---N---D-             XXXXXXXXXXXXXXXXXXXXXX 
2023-03-27 11:06:26,482 INFO  [Log] X 
2023-03-27 11:06:26,482 INFO  [Log] X 
2023-03-27 11:06:26,482 INFO  [Log] X 
2023-03-27 11:06:26,482 INFO  [Log] X 
2023-03-27 11:06:26,482 INFO  [Log] **************************************************************************************** 
2023-03-27 11:06:26,482 INFO  [Log] **************************************************************************************** 
2023-03-27 11:06:26,482 INFO  [Log] $$$$$$$$$$$$$$$$$$$$$                 LogIn_02       $$$$$$$$$$$$$$$$$$$$$$$$$ 
2023-03-27 11:06:26,482 INFO  [Log] **************************************************************************************** 
2023-03-27 11:06:26,482 INFO  [Log] **************************************************************************************** 
2023-03-27 11:06:26,483 INFO  [Log] Opening Browser 
2023-03-27 11:06:28,633 INFO  [Log] Navigating to URL 
2023-03-27 11:06:31,891 INFO  [Log] Entering the text in UserName 
2023-03-27 11:06:31,938 INFO  [Log] Entering the text in Password 
2023-03-27 11:06:31,989 INFO  [Log] Clicking on Webelement btn_LogIn 
2023-03-27 11:06:32,019 INFO  [Log] Wait for 5 seconds 
2023-03-27 11:06:34,024 INFO  [Log] Clicking on Webelement btn_LogOut 
2023-03-27 11:06:34,059 INFO  [Log] Wait for 5 seconds 
2023-03-27 11:06:36,070 INFO  [Log] Closing the browser 
2023-03-27 11:06:36,439 INFO  [Log] XXXXXXXXXXXXXXXXXXXXXXX             -E---N---D-             XXXXXXXXXXXXXXXXXXXXXX 
2023-03-27 11:06:36,439 INFO  [Log] X 
2023-03-27 11:06:36,439 INFO  [Log] X 
2023-03-27 11:06:36,439 INFO  [Log] X 
2023-03-27 11:06:36,439 INFO  [Log] X 
2023-03-27 11:44:56,640 INFO  [Log] **************************************************************************************** 
2023-03-27 11:44:56,640 INFO  [Log] **************************************************************************************** 
2023-03-27 11:44:56,640 INFO  [Log] $$$$$$$$$$$$$$$$$$$$$                 LogIn_01       $$$$$$$$$$$$$$$$$$$$$$$$$ 
2023-03-27 11:44:56,640 INFO  [Log] **************************************************************************************** 
2023-03-27 11:44:56,640 INFO  [Log] **************************************************************************************** 
2023-03-27 11:44:56,642 INFO  [Log] Opening Browser 
2023-03-27 11:44:59,496 INFO  [Log] Navigating to URL 
2023-03-27 11:45:03,477 INFO  [Log] Entering the text in UserName 
2023-03-27 11:45:03,546 INFO  [Log] Entering the text in Password 
2023-03-27 11:45:03,598 INFO  [Log] Clicking on Webelement btn_LogIn 
2023-03-27 11:45:03,630 INFO  [Log] Wait for 5 seconds 
2023-03-27 11:45:05,632 INFO  [Log] Clicking on Webelement btn_LogOut 
2023-03-27 11:45:05,670 INFO  [Log] Wait for 5 seconds 
2023-03-27 11:45:07,674 INFO  [Log] Closing the browser 
2023-03-27 11:45:08,061 INFO  [Log] XXXXXXXXXXXXXXXXXXXXXXX             -E---N---D-             XXXXXXXXXXXXXXXXXXXXXX 
2023-03-27 11:45:08,061 INFO  [Log] X 
2023-03-27 11:45:08,061 INFO  [Log] X 
2023-03-27 11:45:08,061 INFO  [Log] X 
2023-03-27 11:45:08,061 INFO  [Log] X 
2023-03-27 11:45:08,062 INFO  [Log] **************************************************************************************** 
2023-03-27 11:45:08,062 INFO  [Log] **************************************************************************************** 
2023-03-27 11:45:08,062 INFO  [Log] $$$$$$$$$$$$$$$$$$$$$                 LogIn_02       $$$$$$$$$$$$$$$$$$$$$$$$$ 
2023-03-27 11:45:08,062 INFO  [Log] **************************************************************************************** 
2023-03-27 11:45:08,062 INFO  [Log] **************************************************************************************** 
2023-03-27 11:45:08,062 INFO  [Log] Opening Browser 
2023-03-27 11:45:10,162 INFO  [Log] Navigating to URL 
2023-03-27 11:45:14,481 INFO  [Log] Entering the text in UserName 
2023-03-27 11:45:14,532 INFO  [Log] Entering the text in Password 
2023-03-27 11:45:14,582 INFO  [Log] Clicking on Webelement btn_LogIn 
2023-03-27 11:45:14,615 INFO  [Log] Wait for 5 seconds 
2023-03-27 11:45:16,619 INFO  [Log] Clicking on Webelement btn_LogOut 
2023-03-27 11:45:16,653 INFO  [Log] Wait for 5 seconds 
2023-03-27 11:45:18,662 INFO  [Log] Closing the browser 
2023-03-27 11:45:18,997 INFO  [Log] XXXXXXXXXXXXXXXXXXXXXXX             -E---N---D-             XXXXXXXXXXXXXXXXXXXXXX 
2023-03-27 11:45:18,997 INFO  [Log] X 
2023-03-27 11:45:18,997 INFO  [Log] X 
2023-03-27 11:45:18,997 INFO  [Log] X 
2023-03-27 11:45:18,997 INFO  [Log] X 
2023-03-27 11:46:04,079 INFO  [Log] **************************************************************************************** 
2023-03-27 11:46:04,080 INFO  [Log] **************************************************************************************** 
2023-03-27 11:46:04,080 INFO  [Log] $$$$$$$$$$$$$$$$$$$$$                 LogIn_01       $$$$$$$$$$$$$$$$$$$$$$$$$ 
2023-03-27 11:46:04,080 INFO  [Log] **************************************************************************************** 
2023-03-27 11:46:04,080 INFO  [Log] **************************************************************************************** 
2023-03-27 11:46:04,081 INFO  [Log] Opening Browser 
2023-03-27 11:46:06,969 INFO  [Log] Navigating to URL 
2023-03-27 11:46:10,506 INFO  [Log] Entering the text in UserName 
2023-03-27 11:46:10,574 INFO  [Log] Entering the text in Password 
2023-03-27 11:46:10,623 INFO  [Log] Clicking on Webelement btn_LogIn 
2023-03-27 11:46:10,654 INFO  [Log] Wait for 5 seconds 
2023-03-27 11:46:12,668 INFO  [Log] Clicking on Webelement btn_LogOut 
2023-03-27 11:46:12,702 INFO  [Log] Wait for 5 seconds 
2023-03-27 11:46:14,708 INFO  [Log] Closing the browser 
2023-03-27 11:46:15,082 INFO  [Log] XXXXXXXXXXXXXXXXXXXXXXX             -E---N---D-             XXXXXXXXXXXXXXXXXXXXXX 
2023-03-27 11:46:15,082 INFO  [Log] X 
2023-03-27 11:46:15,082 INFO  [Log] X 
2023-03-27 11:46:15,082 INFO  [Log] X 
2023-03-27 11:46:15,082 INFO  [Log] X 
2023-03-27 11:46:15,082 INFO  [Log] **************************************************************************************** 
2023-03-27 11:46:15,082 INFO  [Log] **************************************************************************************** 
2023-03-27 11:46:15,082 INFO  [Log] $$$$$$$$$$$$$$$$$$$$$                 LogIn_02       $$$$$$$$$$$$$$$$$$$$$$$$$ 
2023-03-27 11:46:15,082 INFO  [Log] **************************************************************************************** 
2023-03-27 11:46:15,083 INFO  [Log] **************************************************************************************** 
2023-03-27 11:46:15,083 INFO  [Log] Opening Browser 
2023-03-27 11:46:17,191 INFO  [Log] Navigating to URL 
2023-03-27 11:46:19,563 INFO  [Log] Entering the text in UserName 
2023-03-27 11:46:19,612 INFO  [Log] Entering the text in Password 
2023-03-27 11:46:19,664 INFO  [Log] Clicking on Webelement btn_LogIn 
2023-03-27 11:46:19,694 INFO  [Log] Wait for 5 seconds 
2023-03-27 11:46:21,702 INFO  [Log] Clicking on Webelement btn_LogOut 
2023-03-27 11:46:21,735 INFO  [Log] Wait for 5 seconds 
2023-03-27 11:46:23,737 INFO  [Log] Closing the browser 
2023-03-27 11:46:24,047 INFO  [Log] XXXXXXXXXXXXXXXXXXXXXXX             -E---N---D-             XXXXXXXXXXXXXXXXXXXXXX 
2023-03-27 11:46:24,047 INFO  [Log] X 
2023-03-27 11:46:24,047 INFO  [Log] X 
2023-03-27 11:46:24,047 INFO  [Log] X 
2023-03-27 11:46:24,047 INFO  [Log] X 
2023-03-27 11:59:07,482 INFO  [Log] **************************************************************************************** 
2023-03-27 11:59:07,482 INFO  [Log] **************************************************************************************** 
2023-03-27 11:59:07,482 INFO  [Log] $$$$$$$$$$$$$$$$$$$$$                 LogIn_01       $$$$$$$$$$$$$$$$$$$$$$$$$ 
2023-03-27 11:59:07,482 INFO  [Log] **************************************************************************************** 
2023-03-27 11:59:07,482 INFO  [Log] **************************************************************************************** 
2023-03-27 11:59:07,483 INFO  [Log] Opening Browser 
2023-03-27 11:59:10,373 INFO  [Log] Navigating to URL 
2023-03-27 11:59:14,161 INFO  [Log] Entering the text in UserName 
2023-03-27 11:59:14,223 INFO  [Log] Entering the text in Password 
2023-03-27 11:59:14,274 INFO  [Log] Clicking on Webelement btn_LogIn 
2023-03-27 11:59:14,306 INFO  [Log] Wait for 5 seconds 
2023-03-27 11:59:16,307 INFO  [Log] Clicking on Webelement btn_LogOut 
2023-03-27 11:59:16,342 INFO  [Log] Wait for 5 seconds 
2023-03-27 11:59:18,349 INFO  [Log] Closing the browser 
2023-03-27 11:59:18,738 INFO  [Log] XXXXXXXXXXXXXXXXXXXXXXX             -E---N---D-             XXXXXXXXXXXXXXXXXXXXXX 
2023-03-27 11:59:18,738 INFO  [Log] X 
2023-03-27 11:59:18,738 INFO  [Log] X 
2023-03-27 11:59:18,738 INFO  [Log] X 
2023-03-27 11:59:18,738 INFO  [Log] X 
2023-03-27 11:59:18,738 ERROR [Log] Class Utils | Method getCellData | Exception desc : Cannot invoke "org.apache.poi.xssf.usermodel.XSSFRow.getCell(int)" because the return value of "org.apache.poi.xssf.usermodel.XSSFSheet.getRow(int)" is null 
2023-03-27 11:59:18,738 INFO  [Log] **************************************************************************************** 
2023-03-27 11:59:18,738 INFO  [Log] **************************************************************************************** 
2023-03-27 11:59:18,738 INFO  [Log] $$$$$$$$$$$$$$$$$$$$$                 LogIn_02       $$$$$$$$$$$$$$$$$$$$$$$$$ 
2023-03-27 11:59:18,738 INFO  [Log] **************************************************************************************** 
2023-03-27 11:59:18,738 INFO  [Log] **************************************************************************************** 
2023-03-27 11:59:18,738 INFO  [Log] XXXXXXXXXXXXXXXXXXXXXXX             -E---N---D-             XXXXXXXXXXXXXXXXXXXXXX 
2023-03-27 11:59:18,738 INFO  [Log] X 
2023-03-27 11:59:18,738 INFO  [Log] X 
2023-03-27 11:59:18,738 INFO  [Log] X 
2023-03-27 11:59:18,738 INFO  [Log] X 
2023-03-27 12:01:44,608 INFO  [Log] **************************************************************************************** 
2023-03-27 12:01:44,608 INFO  [Log] **************************************************************************************** 
2023-03-27 12:01:44,608 INFO  [Log] $$$$$$$$$$$$$$$$$$$$$                 LogIn_01       $$$$$$$$$$$$$$$$$$$$$$$$$ 
2023-03-27 12:01:44,608 INFO  [Log] **************************************************************************************** 
2023-03-27 12:01:44,608 INFO  [Log] **************************************************************************************** 
2023-03-27 12:01:44,609 INFO  [Log] Opening Browser 
2023-03-27 12:01:47,454 INFO  [Log] Navigating to URL 
2023-03-27 12:01:51,252 INFO  [Log] Entering the text in UserName 
2023-03-27 12:01:51,315 INFO  [Log] Entering the text in Password 
2023-03-27 12:01:51,363 INFO  [Log] Clicking on Webelement btn_LogIn 
2023-03-27 12:01:51,395 INFO  [Log] Wait for 5 seconds 
2023-03-27 12:01:53,407 INFO  [Log] Clicking on Webelement btn_LogOut 
2023-03-27 12:01:53,444 INFO  [Log] Wait for 5 seconds 
2023-03-27 12:01:55,459 INFO  [Log] Closing the browser 
2023-03-27 12:01:55,825 INFO  [Log] XXXXXXXXXXXXXXXXXXXXXXX             -E---N---D-             XXXXXXXXXXXXXXXXXXXXXX 
2023-03-27 12:01:55,825 INFO  [Log] X 
2023-03-27 12:01:55,825 INFO  [Log] X 
2023-03-27 12:01:55,825 INFO  [Log] X 
2023-03-27 12:01:55,825 INFO  [Log] X 
2023-03-27 12:01:55,825 ERROR [Log] Class Utils | Method getCellData | Exception desc : Cannot invoke "org.apache.poi.xssf.usermodel.XSSFRow.getCell(int)" because the return value of "org.apache.poi.xssf.usermodel.XSSFSheet.getRow(int)" is null 
2023-03-27 12:01:55,825 INFO  [Log] **************************************************************************************** 
2023-03-27 12:01:55,825 INFO  [Log] **************************************************************************************** 
2023-03-27 12:01:55,825 INFO  [Log] $$$$$$$$$$$$$$$$$$$$$                 LogIn_02       $$$$$$$$$$$$$$$$$$$$$$$$$ 
2023-03-27 12:01:55,825 INFO  [Log] **************************************************************************************** 
2023-03-27 12:01:55,825 INFO  [Log] **************************************************************************************** 
2023-03-27 12:01:55,825 INFO  [Log] XXXXXXXXXXXXXXXXXXXXXXX             -E---N---D-             XXXXXXXXXXXXXXXXXXXXXX 
2023-03-27 12:01:55,825 INFO  [Log] X 
2023-03-27 12:01:55,825 INFO  [Log] X 
2023-03-27 12:01:55,825 INFO  [Log] X 
2023-03-27 12:01:55,825 INFO  [Log] X 
2023-03-27 12:02:58,802 INFO  [Log] **************************************************************************************** 
2023-03-27 12:02:58,803 INFO  [Log] **************************************************************************************** 
2023-03-27 12:02:58,803 INFO  [Log] $$$$$$$$$$$$$$$$$$$$$                 LogIn_01       $$$$$$$$$$$$$$$$$$$$$$$$$ 
2023-03-27 12:02:58,803 INFO  [Log] **************************************************************************************** 
2023-03-27 12:02:58,803 INFO  [Log] **************************************************************************************** 
2023-03-27 12:02:58,804 INFO  [Log] Opening Browser 
2023-03-27 12:03:01,966 INFO  [Log] Navigating to URL 
2023-03-27 12:03:04,704 INFO  [Log] Entering the text in UserName 
2023-03-27 12:03:04,770 INFO  [Log] Entering the text in Password 
2023-03-27 12:03:04,820 INFO  [Log] Clicking on Webelement btn_LogIn 
2023-03-27 12:03:04,853 INFO  [Log] Wait for 5 seconds 
2023-03-27 12:03:06,862 INFO  [Log] Clicking on Webelement btn_LogOut 
2023-03-27 12:03:06,900 INFO  [Log] Wait for 5 seconds 
2023-03-27 12:03:08,904 INFO  [Log] Closing the browser 
2023-03-27 12:03:09,209 INFO  [Log] XXXXXXXXXXXXXXXXXXXXXXX             -E---N---D-             XXXXXXXXXXXXXXXXXXXXXX 
2023-03-27 12:03:09,209 INFO  [Log] X 
2023-03-27 12:03:09,209 INFO  [Log] X 
2023-03-27 12:03:09,209 INFO  [Log] X 
2023-03-27 12:03:09,209 INFO  [Log] X 
2023-03-27 12:05:29,932 INFO  [Log] **************************************************************************************** 
2023-03-27 12:05:29,932 INFO  [Log] **************************************************************************************** 
2023-03-27 12:05:29,932 INFO  [Log] $$$$$$$$$$$$$$$$$$$$$                 LogIn_01       $$$$$$$$$$$$$$$$$$$$$$$$$ 
2023-03-27 12:05:29,932 INFO  [Log] **************************************************************************************** 
2023-03-27 12:05:29,932 INFO  [Log] **************************************************************************************** 
2023-03-27 12:05:29,934 INFO  [Log] Opening Browser 
2023-03-27 12:05:32,736 INFO  [Log] Navigating to URL 
2023-03-27 12:05:36,074 INFO  [Log] Entering the text in UserName 
2023-03-27 12:05:36,134 INFO  [Log] Entering the text in Password 
2023-03-27 12:05:36,183 INFO  [Log] Clicking on Webelement btn_LogIn 
2023-03-27 12:05:36,217 INFO  [Log] Wait for 5 seconds 
2023-03-27 12:05:38,220 INFO  [Log] Clicking on Webelement btn_LogOut 
2023-03-27 12:05:38,262 INFO  [Log] Wait for 5 seconds 
2023-03-27 12:05:40,277 INFO  [Log] Closing the browser 
2023-03-27 12:05:40,649 INFO  [Log] XXXXXXXXXXXXXXXXXXXXXXX             -E---N---D-             XXXXXXXXXXXXXXXXXXXXXX 
2023-03-27 12:05:40,649 INFO  [Log] X 
2023-03-27 12:05:40,649 INFO  [Log] X 
2023-03-27 12:05:40,649 INFO  [Log] X 
2023-03-27 12:05:40,649 INFO  [Log] X 
2023-03-27 12:05:40,649 INFO  [Log] **************************************************************************************** 
2023-03-27 12:05:40,649 INFO  [Log] **************************************************************************************** 
2023-03-27 12:05:40,649 INFO  [Log] $$$$$$$$$$$$$$$$$$$$$                 LogIn_02       $$$$$$$$$$$$$$$$$$$$$$$$$ 
2023-03-27 12:05:40,649 INFO  [Log] **************************************************************************************** 
2023-03-27 12:05:40,649 INFO  [Log] **************************************************************************************** 
2023-03-27 12:05:40,650 INFO  [Log] Opening Browser 
2023-03-27 12:05:42,705 INFO  [Log] Navigating to URL 
2023-03-27 12:05:43,748 INFO  [Log] Entering the text in UserName 
2023-03-27 12:05:48,821 ERROR [Log] Not able to Enter UserName --- Expected condition failed: waiting for visibility of element located by By.xpath: .//input[@id='userEmail'] (tried for 5 second(s) with 500 milliseconds interval)
Build info: version: '4.8.1', revision: '8ebccac989'
System info: os.name: 'Windows 10', os.arch: 'amd64', os.version: '10.0', java.version: '19.0.2'
Driver info: org.openqa.selenium.chrome.ChromeDriver
Capabilities {acceptInsecureCerts: false, browserName: chrome, browserVersion: 111.0.5563.66, chrome: {chromedriverVersion: 110.0.5481.77 (65ed616c6e8e..., userDataDir: C:\Users\625337\AppData\Loc...}, goog:chromeOptions: {debuggerAddress: localhost:56818}, networkConnectionEnabled: false, pageLoadStrategy: normal, platformName: WINDOWS, proxy: Proxy(), se:cdp: ws://localhost:56818/devtoo..., se:cdpVersion: 111.0.5563.66, setWindowRect: true, strictFileInteractability: false, timeouts: {implicit: 0, pageLoad: 300000, script: 30000}, unhandledPromptBehavior: dismiss and notify, webauthn:extension:credBlob: true, webauthn:extension:largeBlob: true, webauthn:virtualAuthenticators: true}
Session ID: 83fe4711d2bf862f54c4408c07f2be52 
2023-03-27 12:05:48,821 INFO  [Log] XXXXXXXXXXXXXXXXXXXXXXX             -E---N---D-             XXXXXXXXXXXXXXXXXXXXXX 
2023-03-27 12:05:48,821 INFO  [Log] X 
2023-03-27 12:05:48,821 INFO  [Log] X 
2023-03-27 12:05:48,821 INFO  [Log] X 
2023-03-27 12:05:48,821 INFO  [Log] X 
2023-03-27 12:06:32,798 INFO  [Log] **************************************************************************************** 
2023-03-27 12:06:32,799 INFO  [Log] **************************************************************************************** 
2023-03-27 12:06:32,799 INFO  [Log] $$$$$$$$$$$$$$$$$$$$$                 LogIn_01       $$$$$$$$$$$$$$$$$$$$$$$$$ 
2023-03-27 12:06:32,799 INFO  [Log] **************************************************************************************** 
2023-03-27 12:06:32,799 INFO  [Log] **************************************************************************************** 
2023-03-27 12:06:32,801 INFO  [Log] Opening Browser 
2023-03-27 12:06:35,694 INFO  [Log] Navigating to URL 
2023-03-27 12:06:39,431 INFO  [Log] Entering the text in UserName 
2023-03-27 12:06:39,495 INFO  [Log] Entering the text in Password 
2023-03-27 12:06:39,549 INFO  [Log] Clicking on Webelement btn_LogIn 
2023-03-27 12:06:39,585 INFO  [Log] Wait for 5 seconds 
2023-03-27 12:06:41,599 INFO  [Log] Clicking on Webelement btn_LogOut 
2023-03-27 12:06:41,636 INFO  [Log] Wait for 5 seconds 
2023-03-27 12:06:43,647 INFO  [Log] Closing the browser 
2023-03-27 12:06:44,033 INFO  [Log] XXXXXXXXXXXXXXXXXXXXXXX             -E---N---D-             XXXXXXXXXXXXXXXXXXXXXX 
2023-03-27 12:06:44,033 INFO  [Log] X 
2023-03-27 12:06:44,033 INFO  [Log] X 
2023-03-27 12:06:44,033 INFO  [Log] X 
2023-03-27 12:06:44,033 INFO  [Log] X 
2023-03-27 12:06:44,034 INFO  [Log] **************************************************************************************** 
2023-03-27 12:06:44,034 INFO  [Log] **************************************************************************************** 
2023-03-27 12:06:44,034 INFO  [Log] $$$$$$$$$$$$$$$$$$$$$                 LogIn_02       $$$$$$$$$$$$$$$$$$$$$$$$$ 
2023-03-27 12:06:44,034 INFO  [Log] **************************************************************************************** 
2023-03-27 12:06:44,034 INFO  [Log] **************************************************************************************** 
2023-03-27 12:06:44,034 INFO  [Log] Opening Browser 
2023-03-27 12:06:46,190 INFO  [Log] Navigating to URL 
2023-03-27 12:06:49,273 INFO  [Log] Entering the text in UserName 
2023-03-27 12:06:49,322 INFO  [Log] Entering the text in Password 
2023-03-27 12:06:49,371 INFO  [Log] Clicking on Webelement btn_LogIn 
2023-03-27 12:06:49,403 INFO  [Log] Wait for 5 seconds 
2023-03-27 12:06:51,408 INFO  [Log] Clicking on Webelement btn_LogOut 
2023-03-27 12:06:51,442 INFO  [Log] Wait for 5 seconds 
2023-03-27 12:06:53,449 INFO  [Log] Closing the browser 
2023-03-27 12:06:53,820 INFO  [Log] XXXXXXXXXXXXXXXXXXXXXXX             -E---N---D-             XXXXXXXXXXXXXXXXXXXXXX 
2023-03-27 12:06:53,820 INFO  [Log] X 
2023-03-27 12:06:53,820 INFO  [Log] X 
2023-03-27 12:06:53,820 INFO  [Log] X 
2023-03-27 12:06:53,820 INFO  [Log] X 
2023-03-27 13:47:52,866 INFO  [Log] **************************************************************************************** 
2023-03-27 13:47:52,866 INFO  [Log] **************************************************************************************** 
2023-03-27 13:47:52,866 INFO  [Log] $$$$$$$$$$$$$$$$$$$$$                 LogIn_01       $$$$$$$$$$$$$$$$$$$$$$$$$ 
2023-03-27 13:47:52,866 INFO  [Log] **************************************************************************************** 
2023-03-27 13:47:52,866 INFO  [Log] **************************************************************************************** 
2023-03-27 13:47:52,867 INFO  [Log] Opening Browser 
2023-03-27 13:47:56,184 INFO  [Log] Navigating to URL 
2023-03-27 13:48:00,442 INFO  [Log] Entering the text in UserName 
2023-03-27 13:48:00,558 INFO  [Log] Entering the text in Password 
2023-03-27 13:48:00,657 INFO  [Log] Clicking on Webelement btn_LogIn 
2023-03-27 13:48:00,738 INFO  [Log] Wait for 5 seconds 
2023-03-27 13:48:02,779 INFO  [Log] Clicking on Webelement btn_LogOut 
2023-03-27 13:48:02,855 INFO  [Log] Wait for 5 seconds 
2023-03-27 13:48:04,899 INFO  [Log] Closing the browser 
2023-03-27 13:48:05,312 INFO  [Log] XXXXXXXXXXXXXXXXXXXXXXX             -E---N---D-             XXXXXXXXXXXXXXXXXXXXXX 
2023-03-27 13:48:05,313 INFO  [Log] X 
2023-03-27 13:48:05,313 INFO  [Log] X 
2023-03-27 13:48:05,313 INFO  [Log] X 
2023-03-27 13:48:05,313 INFO  [Log] X 
2023-03-27 13:48:05,313 INFO  [Log] XXXXXXXXXXXXXXXXXXXXXXX             -E---N---D-             XXXXXXXXXXXXXXXXXXXXXX 
2023-03-27 13:48:05,313 INFO  [Log] X 
2023-03-27 13:48:05,313 INFO  [Log] X 
2023-03-27 13:48:05,313 INFO  [Log] X 
2023-03-27 13:48:05,313 INFO  [Log] X 
2023-03-27 13:48:05,313 INFO  [Log] **************************************************************************************** 
2023-03-27 13:48:05,313 INFO  [Log] **************************************************************************************** 
2023-03-27 13:48:05,313 INFO  [Log] $$$$$$$$$$$$$$$$$$$$$                 LogIn_02       $$$$$$$$$$$$$$$$$$$$$$$$$ 
2023-03-27 13:48:05,313 INFO  [Log] **************************************************************************************** 
2023-03-27 13:48:05,313 INFO  [Log] **************************************************************************************** 
2023-03-27 13:48:05,313 INFO  [Log] Opening Browser 
2023-03-27 13:48:07,415 INFO  [Log] Navigating to URL 
2023-03-27 13:48:10,842 INFO  [Log] Entering the text in UserName 
2023-03-27 13:48:10,915 INFO  [Log] Entering the text in Password 
2023-03-27 13:48:10,982 INFO  [Log] Clicking on Webelement btn_LogIn 
2023-03-27 13:48:11,033 INFO  [Log] Wait for 5 seconds 
2023-03-27 13:48:13,063 INFO  [Log] Clicking on Webelement btn_LogOut 
2023-03-27 13:48:13,120 INFO  [Log] Wait for 5 seconds 
2023-03-27 13:48:15,144 INFO  [Log] Closing the browser 
2023-03-27 13:48:15,533 INFO  [Log] XXXXXXXXXXXXXXXXXXXXXXX             -E---N---D-             XXXXXXXXXXXXXXXXXXXXXX 
2023-03-27 13:48:15,533 INFO  [Log] X 
2023-03-27 13:48:15,533 INFO  [Log] X 
2023-03-27 13:48:15,533 INFO  [Log] X 
2023-03-27 13:48:15,533 INFO  [Log] X 
2023-03-27 13:48:15,533 INFO  [Log] XXXXXXXXXXXXXXXXXXXXXXX             -E---N---D-             XXXXXXXXXXXXXXXXXXXXXX 
2023-03-27 13:48:15,533 INFO  [Log] X 
2023-03-27 13:48:15,533 INFO  [Log] X 
2023-03-27 13:48:15,533 INFO  [Log] X 
2023-03-27 13:48:15,533 INFO  [Log] X 
2023-03-27 13:53:00,850 INFO  [Log] **************************************************************************************** 
2023-03-27 13:53:00,851 INFO  [Log] **************************************************************************************** 
2023-03-27 13:53:00,851 INFO  [Log] $$$$$$$$$$$$$$$$$$$$$                 LogIn_01       $$$$$$$$$$$$$$$$$$$$$$$$$ 
2023-03-27 13:53:00,851 INFO  [Log] **************************************************************************************** 
2023-03-27 13:53:00,851 INFO  [Log] **************************************************************************************** 
2023-03-27 13:53:00,852 INFO  [Log] Opening Browser 
2023-03-27 13:53:03,924 INFO  [Log] Navigating to URL 
2023-03-27 13:53:07,510 INFO  [Log] Entering the text in UserName 
2023-03-27 13:53:12,534 ERROR [Log] Not able to Enter UserName --- Expected condition failed: waiting for visibility of element located by By.xpath: .//input[@id='userEmai'] (tried for 5 second(s) with 500 milliseconds interval)
Build info: version: '4.8.1', revision: '8ebccac989'
System info: os.name: 'Windows 10', os.arch: 'amd64', os.version: '10.0', java.version: '19.0.2'
Driver info: org.openqa.selenium.chrome.ChromeDriver
Capabilities {acceptInsecureCerts: false, browserName: chrome, browserVersion: 111.0.5563.66, chrome: {chromedriverVersion: 110.0.5481.77 (65ed616c6e8e..., userDataDir: C:\Users\625337\AppData\Loc...}, goog:chromeOptions: {debuggerAddress: localhost:49243}, networkConnectionEnabled: false, pageLoadStrategy: normal, platformName: WINDOWS, proxy: Proxy(), se:cdp: ws://localhost:49243/devtoo..., se:cdpVersion: 111.0.5563.66, setWindowRect: true, strictFileInteractability: false, timeouts: {implicit: 0, pageLoad: 300000, script: 30000}, unhandledPromptBehavior: dismiss and notify, webauthn:extension:credBlob: true, webauthn:extension:largeBlob: true, webauthn:virtualAuthenticators: true}
Session ID: 2d0e91e69e5d5d5c0c7437e7fc79adc4 
2023-03-27 13:53:12,577 INFO  [Log] Closing the browser 
2023-03-27 13:53:13,000 INFO  [Log] XXXXXXXXXXXXXXXXXXXXXXX             -E---N---D-             XXXXXXXXXXXXXXXXXXXXXX 
2023-03-27 13:53:13,000 INFO  [Log] X 
2023-03-27 13:53:13,000 INFO  [Log] X 
2023-03-27 13:53:13,000 INFO  [Log] X 
2023-03-27 13:53:13,000 INFO  [Log] X 
2023-03-27 13:53:13,000 INFO  [Log] XXXXXXXXXXXXXXXXXXXXXXX             -E---N---D-             XXXXXXXXXXXXXXXXXXXXXX 
2023-03-27 13:53:13,000 INFO  [Log] X 
2023-03-27 13:53:13,000 INFO  [Log] X 
2023-03-27 13:53:13,000 INFO  [Log] X 
2023-03-27 13:53:13,000 INFO  [Log] X 
2023-03-27 13:55:15,963 INFO  [Log] **************************************************************************************** 
2023-03-27 13:55:15,963 INFO  [Log] **************************************************************************************** 
2023-03-27 13:55:15,964 INFO  [Log] $$$$$$$$$$$$$$$$$$$$$                 LogIn_01       $$$$$$$$$$$$$$$$$$$$$$$$$ 
2023-03-27 13:55:15,964 INFO  [Log] **************************************************************************************** 
2023-03-27 13:55:15,964 INFO  [Log] **************************************************************************************** 
2023-03-27 13:55:15,965 INFO  [Log] Opening Browser 
2023-03-27 13:55:19,020 INFO  [Log] Navigating to URL 
2023-03-27 13:55:23,111 INFO  [Log] Entering the text in UserName 
2023-03-27 13:55:23,229 INFO  [Log] Entering the text in Password 
2023-03-27 13:55:23,334 INFO  [Log] Clicking on Webelement btn_LogIn 
2023-03-27 13:55:23,416 INFO  [Log] Wait for 5 seconds 
2023-03-27 13:55:25,455 INFO  [Log] Clicking on Webelement btn_LogOut 
2023-03-27 13:55:25,529 INFO  [Log] Wait for 5 seconds 
2023-03-27 13:55:27,575 INFO  [Log] Closing the browser 
2023-03-27 13:55:27,988 INFO  [Log] XXXXXXXXXXXXXXXXXXXXXXX             -E---N---D-             XXXXXXXXXXXXXXXXXXXXXX 
2023-03-27 13:55:27,988 INFO  [Log] X 
2023-03-27 13:55:27,988 INFO  [Log] X 
2023-03-27 13:55:27,988 INFO  [Log] X 
2023-03-27 13:55:27,988 INFO  [Log] X 
2023-03-27 13:55:27,988 INFO  [Log] XXXXXXXXXXXXXXXXXXXXXXX             -E---N---D-             XXXXXXXXXXXXXXXXXXXXXX 
2023-03-27 13:55:27,988 INFO  [Log] X 
2023-03-27 13:55:27,988 INFO  [Log] X 
2023-03-27 13:55:27,988 INFO  [Log] X 
2023-03-27 13:55:27,988 INFO  [Log] X 
2023-03-27 13:55:27,988 INFO  [Log] **************************************************************************************** 
2023-03-27 13:55:27,988 INFO  [Log] **************************************************************************************** 
2023-03-27 13:55:27,988 INFO  [Log] $$$$$$$$$$$$$$$$$$$$$                 LogIn_02       $$$$$$$$$$$$$$$$$$$$$$$$$ 
2023-03-27 13:55:27,989 INFO  [Log] **************************************************************************************** 
2023-03-27 13:55:27,989 INFO  [Log] **************************************************************************************** 
2023-03-27 13:55:27,989 INFO  [Log] Opening Browser 
2023-03-27 13:55:30,063 INFO  [Log] Navigating to URL 
2023-03-27 13:55:32,630 INFO  [Log] Entering the text in UserName 
2023-03-27 13:55:32,704 INFO  [Log] Entering the text in Password 
2023-03-27 13:55:32,771 INFO  [Log] Clicking on Webelement btn_LogIn 
2023-03-27 13:55:32,821 INFO  [Log] Wait for 5 seconds 
2023-03-27 13:55:34,858 INFO  [Log] Clicking on Webelement btn_LogOut 
2023-03-27 13:55:34,911 INFO  [Log] Wait for 5 seconds 
2023-03-27 13:55:36,931 INFO  [Log] Closing the browser 
2023-03-27 13:55:37,334 INFO  [Log] XXXXXXXXXXXXXXXXXXXXXXX             -E---N---D-             XXXXXXXXXXXXXXXXXXXXXX 
2023-03-27 13:55:37,334 INFO  [Log] X 
2023-03-27 13:55:37,334 INFO  [Log] X 
2023-03-27 13:55:37,334 INFO  [Log] X 
2023-03-27 13:55:37,334 INFO  [Log] X 
2023-03-27 13:55:37,334 INFO  [Log] XXXXXXXXXXXXXXXXXXXXXXX             -E---N---D-             XXXXXXXXXXXXXXXXXXXXXX 
2023-03-27 13:55:37,334 INFO  [Log] X 
2023-03-27 13:55:37,334 INFO  [Log] X 
2023-03-27 13:55:37,334 INFO  [Log] X 
2023-03-27 13:55:37,334 INFO  [Log] X 
2023-03-27 13:56:06,383 INFO  [Log] **************************************************************************************** 
2023-03-27 13:56:06,383 INFO  [Log] **************************************************************************************** 
2023-03-27 13:56:06,383 INFO  [Log] $$$$$$$$$$$$$$$$$$$$$                 LogIn_01       $$$$$$$$$$$$$$$$$$$$$$$$$ 
2023-03-27 13:56:06,383 INFO  [Log] **************************************************************************************** 
2023-03-27 13:56:06,383 INFO  [Log] **************************************************************************************** 
2023-03-27 13:56:06,385 INFO  [Log] Opening Browser 
2023-03-27 13:56:09,377 INFO  [Log] Navigating to URL 
2023-03-27 13:56:13,262 INFO  [Log] Entering the text in UserName 
2023-03-27 13:56:13,351 INFO  [Log] Entering the text in Password 
2023-03-27 13:56:13,429 INFO  [Log] Clicking on Webelement btn_LogIn 
2023-03-27 13:56:13,482 INFO  [Log] Wait for 5 seconds 
2023-03-27 13:56:15,503 INFO  [Log] Clicking on Webelement btn_LogOut 
2023-03-27 13:56:15,559 INFO  [Log] Wait for 5 seconds 
2023-03-27 13:56:17,602 INFO  [Log] Closing the browser 
2023-03-27 13:56:17,994 INFO  [Log] XXXXXXXXXXXXXXXXXXXXXXX             -E---N---D-             XXXXXXXXXXXXXXXXXXXXXX 
2023-03-27 13:56:17,994 INFO  [Log] X 
2023-03-27 13:56:17,994 INFO  [Log] X 
2023-03-27 13:56:17,994 INFO  [Log] X 
2023-03-27 13:56:17,994 INFO  [Log] X 
2023-03-27 13:56:17,994 INFO  [Log] XXXXXXXXXXXXXXXXXXXXXXX             -E---N---D-             XXXXXXXXXXXXXXXXXXXXXX 
2023-03-27 13:56:17,994 INFO  [Log] X 
2023-03-27 13:56:17,994 INFO  [Log] X 
2023-03-27 13:56:17,994 INFO  [Log] X 
2023-03-27 13:56:17,994 INFO  [Log] X 
2023-03-27 13:56:17,994 INFO  [Log] **************************************************************************************** 
2023-03-27 13:56:17,994 INFO  [Log] **************************************************************************************** 
2023-03-27 13:56:17,994 INFO  [Log] $$$$$$$$$$$$$$$$$$$$$                 LogIn_02       $$$$$$$$$$$$$$$$$$$$$$$$$ 
2023-03-27 13:56:17,994 INFO  [Log] **************************************************************************************** 
2023-03-27 13:56:17,994 INFO  [Log] **************************************************************************************** 
2023-03-27 13:56:17,994 INFO  [Log] Opening Browser 
2023-03-27 13:56:20,150 INFO  [Log] Navigating to URL 
2023-03-27 13:56:23,125 INFO  [Log] Entering the text in UserName 
2023-03-27 13:56:23,187 INFO  [Log] Entering the text in Password 
2023-03-27 13:56:23,247 INFO  [Log] Clicking on Webelement btn_LogIn 
2023-03-27 13:56:23,291 INFO  [Log] Wait for 5 seconds 
2023-03-27 13:56:25,316 INFO  [Log] Clicking on Webelement btn_LogOut 
2023-03-27 13:56:25,361 INFO  [Log] Wait for 5 seconds 
2023-03-27 13:56:27,379 INFO  [Log] Closing the browser 
2023-03-27 13:56:27,740 INFO  [Log] XXXXXXXXXXXXXXXXXXXXXXX             -E---N---D-             XXXXXXXXXXXXXXXXXXXXXX 
2023-03-27 13:56:27,741 INFO  [Log] X 
2023-03-27 13:56:27,741 INFO  [Log] X 
2023-03-27 13:56:27,741 INFO  [Log] X 
2023-03-27 13:56:27,741 INFO  [Log] X 
2023-03-27 13:56:27,741 INFO  [Log] XXXXXXXXXXXXXXXXXXXXXXX             -E---N---D-             XXXXXXXXXXXXXXXXXXXXXX 
2023-03-27 13:56:27,741 INFO  [Log] X 
2023-03-27 13:56:27,741 INFO  [Log] X 
2023-03-27 13:56:27,741 INFO  [Log] X 
2023-03-27 13:56:27,741 INFO  [Log] X 
2023-03-27 13:56:56,820 INFO  [Log] **************************************************************************************** 
2023-03-27 13:56:56,821 INFO  [Log] **************************************************************************************** 
2023-03-27 13:56:56,821 INFO  [Log] $$$$$$$$$$$$$$$$$$$$$                 LogIn_01       $$$$$$$$$$$$$$$$$$$$$$$$$ 
2023-03-27 13:56:56,821 INFO  [Log] **************************************************************************************** 
2023-03-27 13:56:56,821 INFO  [Log] **************************************************************************************** 
2023-03-27 13:56:56,822 INFO  [Log] Opening Browser 
2023-03-27 13:57:00,028 INFO  [Log] Navigating to URL 
2023-03-27 13:57:04,985 INFO  [Log] Entering the text in UserName 
2023-03-27 13:57:05,085 INFO  [Log] Entering the text in Password 
2023-03-27 13:57:05,161 INFO  [Log] Clicking on Webelement btn_LogIn 
2023-03-27 13:57:05,214 INFO  [Log] Wait for 5 seconds 
2023-03-27 13:57:07,242 INFO  [Log] Clicking on Webelement btn_LogOut 
2023-03-27 13:57:07,291 INFO  [Log] Wait for 5 seconds 
2023-03-27 13:57:09,321 INFO  [Log] Closing the browser 
2023-03-27 13:57:09,714 INFO  [Log] XXXXXXXXXXXXXXXXXXXXXXX             -E---N---D-             XXXXXXXXXXXXXXXXXXXXXX 
2023-03-27 13:57:09,714 INFO  [Log] X 
2023-03-27 13:57:09,714 INFO  [Log] X 
2023-03-27 13:57:09,714 INFO  [Log] X 
2023-03-27 13:57:09,714 INFO  [Log] X 
2023-03-27 13:57:09,714 INFO  [Log] XXXXXXXXXXXXXXXXXXXXXXX             -E---N---D-             XXXXXXXXXXXXXXXXXXXXXX 
2023-03-27 13:57:09,714 INFO  [Log] X 
2023-03-27 13:57:09,714 INFO  [Log] X 
2023-03-27 13:57:09,714 INFO  [Log] X 
2023-03-27 13:57:09,714 INFO  [Log] X 
2023-03-27 13:57:09,714 INFO  [Log] **************************************************************************************** 
2023-03-27 13:57:09,714 INFO  [Log] **************************************************************************************** 
2023-03-27 13:57:09,714 INFO  [Log] $$$$$$$$$$$$$$$$$$$$$                 LogIn_02       $$$$$$$$$$$$$$$$$$$$$$$$$ 
2023-03-27 13:57:09,714 INFO  [Log] **************************************************************************************** 
2023-03-27 13:57:09,714 INFO  [Log] **************************************************************************************** 
2023-03-27 13:57:09,714 INFO  [Log] Opening Browser 
2023-03-27 13:57:11,891 INFO  [Log] Navigating to URL 
2023-03-27 13:57:14,174 INFO  [Log] Entering the text in UserName 
2023-03-27 13:57:14,237 INFO  [Log] Entering the text in Password 
2023-03-27 13:57:14,300 INFO  [Log] Clicking on Webelement btn_LogIn 
2023-03-27 13:57:14,342 INFO  [Log] Wait for 5 seconds 
2023-03-27 13:57:16,355 INFO  [Log] Clicking on Webelement btn_LogOut 
2023-03-27 13:57:16,399 INFO  [Log] Wait for 5 seconds 
2023-03-27 13:57:18,421 INFO  [Log] Closing the browser 
2023-03-27 13:57:18,782 INFO  [Log] XXXXXXXXXXXXXXXXXXXXXXX             -E---N---D-             XXXXXXXXXXXXXXXXXXXXXX 
2023-03-27 13:57:18,782 INFO  [Log] X 
2023-03-27 13:57:18,782 INFO  [Log] X 
2023-03-27 13:57:18,782 INFO  [Log] X 
2023-03-27 13:57:18,782 INFO  [Log] X 
2023-03-27 13:57:18,782 INFO  [Log] XXXXXXXXXXXXXXXXXXXXXXX             -E---N---D-             XXXXXXXXXXXXXXXXXXXXXX 
2023-03-27 13:57:18,782 INFO  [Log] X 
2023-03-27 13:57:18,782 INFO  [Log] X 
2023-03-27 13:57:18,782 INFO  [Log] X 
2023-03-27 13:57:18,782 INFO  [Log] X 
2023-03-27 13:58:20,492 INFO  [Log] **************************************************************************************** 
2023-03-27 13:58:20,492 INFO  [Log] **************************************************************************************** 
2023-03-27 13:58:20,492 INFO  [Log] $$$$$$$$$$$$$$$$$$$$$                 LogIn_01       $$$$$$$$$$$$$$$$$$$$$$$$$ 
2023-03-27 13:58:20,492 INFO  [Log] **************************************************************************************** 
2023-03-27 13:58:20,492 INFO  [Log] **************************************************************************************** 
2023-03-27 13:58:20,493 INFO  [Log] Opening Browser 
2023-03-27 13:58:23,467 INFO  [Log] Navigating to URL 
2023-03-27 13:58:27,965 INFO  [Log] Entering the text in UserName 
2023-03-27 13:58:28,057 INFO  [Log] Entering the text in Password 
2023-03-27 13:58:28,129 INFO  [Log] Clicking on Webelement btn_LogIn 
2023-03-27 13:58:28,191 INFO  [Log] Wait for 5 seconds 
2023-03-27 13:58:30,224 INFO  [Log] Clicking on Webelement btn_LogOut 
2023-03-27 13:58:30,278 INFO  [Log] Wait for 5 seconds 
2023-03-27 13:58:32,309 INFO  [Log] Closing the browser 
2023-03-27 13:58:32,689 INFO  [Log] XXXXXXXXXXXXXXXXXXXXXXX             -E---N---D-             XXXXXXXXXXXXXXXXXXXXXX 
2023-03-27 13:58:32,689 INFO  [Log] X 
2023-03-27 13:58:32,689 INFO  [Log] X 
2023-03-27 13:58:32,690 INFO  [Log] X 
2023-03-27 13:58:32,690 INFO  [Log] X 
2023-03-27 13:58:32,690 INFO  [Log] XXXXXXXXXXXXXXXXXXXXXXX             -E---N---D-             XXXXXXXXXXXXXXXXXXXXXX 
2023-03-27 13:58:32,690 INFO  [Log] X 
2023-03-27 13:58:32,690 INFO  [Log] X 
2023-03-27 13:58:32,690 INFO  [Log] X 
2023-03-27 13:58:32,690 INFO  [Log] X 
2023-03-27 13:58:32,690 INFO  [Log] **************************************************************************************** 
2023-03-27 13:58:32,690 INFO  [Log] **************************************************************************************** 
2023-03-27 13:58:32,690 INFO  [Log] $$$$$$$$$$$$$$$$$$$$$                 LogIn_02       $$$$$$$$$$$$$$$$$$$$$$$$$ 
2023-03-27 13:58:32,690 INFO  [Log] **************************************************************************************** 
2023-03-27 13:58:32,690 INFO  [Log] **************************************************************************************** 
2023-03-27 13:58:32,690 INFO  [Log] Opening Browser 
2023-03-27 13:58:34,805 INFO  [Log] Navigating to URL 
2023-03-27 13:58:37,508 INFO  [Log] Entering the text in UserName 
2023-03-27 13:58:37,570 INFO  [Log] Entering the text in Password 
2023-03-27 13:58:37,631 INFO  [Log] Clicking on Webelement btn_LogIn 
2023-03-27 13:58:37,673 INFO  [Log] Wait for 5 seconds 
2023-03-27 13:58:39,686 INFO  [Log] Clicking on Webelement btn_LogOut 
2023-03-27 13:58:39,731 INFO  [Log] Wait for 5 seconds 
2023-03-27 13:58:41,749 INFO  [Log] Closing the browser 
2023-03-27 13:58:42,142 INFO  [Log] XXXXXXXXXXXXXXXXXXXXXXX             -E---N---D-             XXXXXXXXXXXXXXXXXXXXXX 
2023-03-27 13:58:42,142 INFO  [Log] X 
2023-03-27 13:58:42,142 INFO  [Log] X 
2023-03-27 13:58:42,142 INFO  [Log] X 
2023-03-27 13:58:42,142 INFO  [Log] X 
2023-03-27 13:58:42,142 INFO  [Log] XXXXXXXXXXXXXXXXXXXXXXX             -E---N---D-             XXXXXXXXXXXXXXXXXXXXXX 
2023-03-27 13:58:42,142 INFO  [Log] X 
2023-03-27 13:58:42,142 INFO  [Log] X 
2023-03-27 13:58:42,142 INFO  [Log] X 
2023-03-27 13:58:42,142 INFO  [Log] X 
2023-03-27 14:01:00,257 INFO  [Log] **************************************************************************************** 
2023-03-27 14:01:00,257 INFO  [Log] **************************************************************************************** 
2023-03-27 14:01:00,257 INFO  [Log] $$$$$$$$$$$$$$$$$$$$$                 LogIn_01       $$$$$$$$$$$$$$$$$$$$$$$$$ 
2023-03-27 14:01:00,257 INFO  [Log] **************************************************************************************** 
2023-03-27 14:01:00,257 INFO  [Log] **************************************************************************************** 
2023-03-27 14:01:00,258 INFO  [Log] Opening Browser 
2023-03-27 14:01:03,326 INFO  [Log] Navigating to URL 
2023-03-27 14:01:08,228 INFO  [Log] Entering the text in UserName 
2023-03-27 14:01:08,317 INFO  [Log] Entering the text in Password 
2023-03-27 14:01:08,387 INFO  [Log] Clicking on Webelement btn_LogIn 
2023-03-27 14:01:08,440 INFO  [Log] Wait for 5 seconds 
2023-03-27 14:01:10,469 INFO  [Log] Clicking on Webelement btn_LogOut 
2023-03-27 14:01:10,518 INFO  [Log] Wait for 5 seconds 
2023-03-27 14:01:12,535 INFO  [Log] Closing the browser 
2023-03-27 14:01:12,931 INFO  [Log] XXXXXXXXXXXXXXXXXXXXXXX             -E---N---D-             XXXXXXXXXXXXXXXXXXXXXX 
2023-03-27 14:01:12,931 INFO  [Log] X 
2023-03-27 14:01:12,931 INFO  [Log] X 
2023-03-27 14:01:12,931 INFO  [Log] X 
2023-03-27 14:01:12,931 INFO  [Log] X 
2023-03-27 14:01:12,931 INFO  [Log] **************************************************************************************** 
2023-03-27 14:01:12,931 INFO  [Log] **************************************************************************************** 
2023-03-27 14:01:12,931 INFO  [Log] $$$$$$$$$$$$$$$$$$$$$                 LogIn_02       $$$$$$$$$$$$$$$$$$$$$$$$$ 
2023-03-27 14:01:12,931 INFO  [Log] **************************************************************************************** 
2023-03-27 14:01:12,931 INFO  [Log] **************************************************************************************** 
2023-03-27 14:01:12,932 INFO  [Log] Opening Browser 
2023-03-27 14:01:15,120 INFO  [Log] Navigating to URL 
2023-03-27 14:01:18,642 INFO  [Log] Entering the text in UserName 
2023-03-27 14:01:18,701 INFO  [Log] Entering the text in Password 
2023-03-27 14:01:18,760 INFO  [Log] Clicking on Webelement btn_LogIn 
2023-03-27 14:01:18,801 INFO  [Log] Wait for 5 seconds 
2023-03-27 14:01:20,823 INFO  [Log] Clicking on Webelement btn_LogOut 
2023-03-27 14:01:20,867 INFO  [Log] Wait for 5 seconds 
2023-03-27 14:01:22,886 INFO  [Log] Closing the browser 
2023-03-27 14:01:23,250 INFO  [Log] XXXXXXXXXXXXXXXXXXXXXXX             -E---N---D-             XXXXXXXXXXXXXXXXXXXXXX 
2023-03-27 14:01:23,250 INFO  [Log] X 
2023-03-27 14:01:23,250 INFO  [Log] X 
2023-03-27 14:01:23,250 INFO  [Log] X 
2023-03-27 14:01:23,250 INFO  [Log] X 
2023-03-27 14:29:48,539 INFO  [Log] **************************************************************************************** 
2023-03-27 14:29:48,540 INFO  [Log] **************************************************************************************** 
2023-03-27 14:29:48,540 INFO  [Log] $$$$$$$$$$$$$$$$$$$$$                 LogIn_01       $$$$$$$$$$$$$$$$$$$$$$$$$ 
2023-03-27 14:29:48,540 INFO  [Log] **************************************************************************************** 
2023-03-27 14:29:48,540 INFO  [Log] **************************************************************************************** 
2023-03-27 14:29:48,541 INFO  [Log] Opening Browser 
2023-03-27 14:29:51,664 INFO  [Log] Navigating to URL 
2023-03-27 14:29:57,417 INFO  [Log] Entering the text in UserName 
2023-03-27 14:30:02,443 ERROR [Log] Not able to Enter UserName --- Expected condition failed: waiting for visibility of element located by By.xpath: .//input[@id='userEmai'] (tried for 5 second(s) with 500 milliseconds interval)
Build info: version: '4.8.1', revision: '8ebccac989'
System info: os.name: 'Windows 10', os.arch: 'amd64', os.version: '10.0', java.version: '19.0.2'
Driver info: org.openqa.selenium.chrome.ChromeDriver
Capabilities {acceptInsecureCerts: false, browserName: chrome, browserVersion: 111.0.5563.66, chrome: {chromedriverVersion: 110.0.5481.77 (65ed616c6e8e..., userDataDir: C:\Users\625337\AppData\Loc...}, goog:chromeOptions: {debuggerAddress: localhost:61917}, networkConnectionEnabled: false, pageLoadStrategy: normal, platformName: WINDOWS, proxy: Proxy(), se:cdp: ws://localhost:61917/devtoo..., se:cdpVersion: 111.0.5563.66, setWindowRect: true, strictFileInteractability: false, timeouts: {implicit: 0, pageLoad: 300000, script: 30000}, unhandledPromptBehavior: dismiss and notify, webauthn:extension:credBlob: true, webauthn:extension:largeBlob: true, webauthn:virtualAuthenticators: true}
Session ID: ba2dcbd40ad457a2fb1ca0605eb38834 
2023-03-27 14:30:02,465 INFO  [Log] Closing the browser 
2023-03-27 14:30:02,847 INFO  [Log] XXXXXXXXXXXXXXXXXXXXXXX             -E---N---D-             XXXXXXXXXXXXXXXXXXXXXX 
2023-03-27 14:30:02,848 INFO  [Log] X 
2023-03-27 14:30:02,848 INFO  [Log] X 
2023-03-27 14:30:02,848 INFO  [Log] X 
2023-03-27 14:30:02,848 INFO  [Log] X 
2023-03-27 14:30:02,848 INFO  [Log] **************************************************************************************** 
2023-03-27 14:30:02,848 INFO  [Log] **************************************************************************************** 
2023-03-27 14:30:02,848 INFO  [Log] $$$$$$$$$$$$$$$$$$$$$                 LogIn_02       $$$$$$$$$$$$$$$$$$$$$$$$$ 
2023-03-27 14:30:02,848 INFO  [Log] **************************************************************************************** 
2023-03-27 14:30:02,848 INFO  [Log] **************************************************************************************** 
2023-03-27 14:30:02,848 INFO  [Log] Opening Browser 
2023-03-27 14:30:05,016 INFO  [Log] Navigating to URL 
2023-03-27 14:30:08,278 INFO  [Log] Entering the text in UserName 
2023-03-27 14:30:13,299 ERROR [Log] Not able to Enter UserName --- Expected condition failed: waiting for visibility of element located by By.xpath: .//input[@id='userEmai'] (tried for 5 second(s) with 500 milliseconds interval)
Build info: version: '4.8.1', revision: '8ebccac989'
System info: os.name: 'Windows 10', os.arch: 'amd64', os.version: '10.0', java.version: '19.0.2'
Driver info: org.openqa.selenium.chrome.ChromeDriver
Capabilities {acceptInsecureCerts: false, browserName: chrome, browserVersion: 111.0.5563.66, chrome: {chromedriverVersion: 110.0.5481.77 (65ed616c6e8e..., userDataDir: C:\Users\625337\AppData\Loc...}, goog:chromeOptions: {debuggerAddress: localhost:61960}, networkConnectionEnabled: false, pageLoadStrategy: normal, platformName: WINDOWS, proxy: Proxy(), se:cdp: ws://localhost:61960/devtoo..., se:cdpVersion: 111.0.5563.66, setWindowRect: true, strictFileInteractability: false, timeouts: {implicit: 0, pageLoad: 300000, script: 30000}, unhandledPromptBehavior: dismiss and notify, webauthn:extension:credBlob: true, webauthn:extension:largeBlob: true, webauthn:virtualAuthenticators: true}
Session ID: 18c8875a56c930b7e841463c81c4da8e 
2023-03-27 14:30:13,312 INFO  [Log] Closing the browser 
2023-03-27 14:30:13,657 INFO  [Log] XXXXXXXXXXXXXXXXXXXXXXX             -E---N---D-             XXXXXXXXXXXXXXXXXXXXXX 
2023-03-27 14:30:13,657 INFO  [Log] X 
2023-03-27 14:30:13,657 INFO  [Log] X 
2023-03-27 14:30:13,657 INFO  [Log] X 
2023-03-27 14:30:13,657 INFO  [Log] X 
2023-03-27 14:31:45,339 INFO  [Log] **************************************************************************************** 
2023-03-27 14:31:45,339 INFO  [Log] **************************************************************************************** 
2023-03-27 14:31:45,340 INFO  [Log] $$$$$$$$$$$$$$$$$$$$$                 LogIn_01       $$$$$$$$$$$$$$$$$$$$$$$$$ 
2023-03-27 14:31:45,340 INFO  [Log] **************************************************************************************** 
2023-03-27 14:31:45,340 INFO  [Log] **************************************************************************************** 
2023-03-27 14:31:45,341 INFO  [Log] Opening Browser 
2023-03-27 14:31:48,450 INFO  [Log] Navigating to URL 
2023-03-27 14:31:53,009 INFO  [Log] Entering the text in UserName 
2023-03-27 14:31:53,100 INFO  [Log] Entering the text in Password 
2023-03-27 14:31:53,182 INFO  [Log] Clicking on Webelement btn_LogIn 
2023-03-27 14:31:53,238 INFO  [Log] Wait for 5 seconds 
2023-03-27 14:31:55,262 INFO  [Log] Clicking on Webelement btn_LogOut 
2023-03-27 14:31:55,316 INFO  [Log] Wait for 5 seconds 
2023-03-27 14:31:57,343 INFO  [Log] Closing the browser 
2023-03-27 14:31:57,764 INFO  [Log] XXXXXXXXXXXXXXXXXXXXXXX             -E---N---D-             XXXXXXXXXXXXXXXXXXXXXX 
2023-03-27 14:31:57,764 INFO  [Log] X 
2023-03-27 14:31:57,764 INFO  [Log] X 
2023-03-27 14:31:57,764 INFO  [Log] X 
2023-03-27 14:31:57,764 INFO  [Log] X 
2023-03-27 14:31:57,764 INFO  [Log] **************************************************************************************** 
2023-03-27 14:31:57,764 INFO  [Log] **************************************************************************************** 
2023-03-27 14:31:57,764 INFO  [Log] $$$$$$$$$$$$$$$$$$$$$                 LogIn_02       $$$$$$$$$$$$$$$$$$$$$$$$$ 
2023-03-27 14:31:57,764 INFO  [Log] **************************************************************************************** 
2023-03-27 14:31:57,764 INFO  [Log] **************************************************************************************** 
2023-03-27 14:31:57,764 INFO  [Log] Opening Browser 
2023-03-27 14:31:59,921 INFO  [Log] Navigating to URL 
2023-03-27 14:32:03,547 INFO  [Log] Entering the text in UserName 
2023-03-27 14:32:03,608 INFO  [Log] Entering the text in Password 
2023-03-27 14:32:03,669 INFO  [Log] Clicking on Webelement btn_LogIn 
2023-03-27 14:32:03,711 INFO  [Log] Wait for 5 seconds 
2023-03-27 14:32:05,735 INFO  [Log] Clicking on Webelement btn_LogOut 
2023-03-27 14:32:05,779 INFO  [Log] Wait for 5 seconds 
2023-03-27 14:32:07,802 INFO  [Log] Closing the browser 
2023-03-27 14:32:08,199 INFO  [Log] XXXXXXXXXXXXXXXXXXXXXXX             -E---N---D-             XXXXXXXXXXXXXXXXXXXXXX 
2023-03-27 14:32:08,199 INFO  [Log] X 
2023-03-27 14:32:08,199 INFO  [Log] X 
2023-03-27 14:32:08,199 INFO  [Log] X 
2023-03-27 14:32:08,199 INFO  [Log] X 
2023-03-27 15:07:36,180 INFO  [Log] **************************************************************************************** 
2023-03-27 15:07:36,180 INFO  [Log] **************************************************************************************** 
2023-03-27 15:07:36,180 INFO  [Log] $$$$$$$$$$$$$$$$$$$$$                 LogIn_01       $$$$$$$$$$$$$$$$$$$$$$$$$ 
2023-03-27 15:07:36,180 INFO  [Log] **************************************************************************************** 
2023-03-27 15:07:36,180 INFO  [Log] **************************************************************************************** 
2023-03-27 15:07:36,181 INFO  [Log] Opening Browser 
2023-03-27 15:07:39,232 INFO  [Log] Chrome browser started 
2023-03-27 15:07:39,354 INFO  [Log] Navigating to URL 
2023-03-27 15:07:43,289 INFO  [Log] Entering the text in txtbx_UserName 
2023-03-27 15:07:43,373 INFO  [Log] Entering the text in txtbx_Password 
2023-03-27 15:07:43,450 INFO  [Log] Clicking on Webelement btn_LogIn 
2023-03-27 15:07:43,504 INFO  [Log] Wait for 5 seconds 
2023-03-27 15:07:45,538 INFO  [Log] Clicking on Webelement btn_LogOut 
2023-03-27 15:07:45,591 INFO  [Log] Wait for 5 seconds 
2023-03-27 15:07:47,616 INFO  [Log] Closing the browser 
2023-03-27 15:07:47,977 INFO  [Log] XXXXXXXXXXXXXXXXXXXXXXX             -E---N---D-             XXXXXXXXXXXXXXXXXXXXXX 
2023-03-27 15:07:47,977 INFO  [Log] X 
2023-03-27 15:07:47,977 INFO  [Log] X 
2023-03-27 15:07:47,977 INFO  [Log] X 
2023-03-27 15:07:47,977 INFO  [Log] X 
2023-03-27 15:07:47,978 INFO  [Log] **************************************************************************************** 
2023-03-27 15:07:47,978 INFO  [Log] **************************************************************************************** 
2023-03-27 15:07:47,978 INFO  [Log] $$$$$$$$$$$$$$$$$$$$$                 LogIn_02       $$$$$$$$$$$$$$$$$$$$$$$$$ 
2023-03-27 15:07:47,978 INFO  [Log] **************************************************************************************** 
2023-03-27 15:07:47,978 INFO  [Log] **************************************************************************************** 
2023-03-27 15:07:47,978 INFO  [Log] Opening Browser 
2023-03-27 15:07:50,127 INFO  [Log] Chrome browser started 
2023-03-27 15:07:50,139 INFO  [Log] Navigating to URL 
2023-03-27 15:07:54,832 INFO  [Log] Entering the text in txtbx_UserName 
2023-03-27 15:07:54,897 INFO  [Log] Entering the text in txtbx_Password 
2023-03-27 15:07:54,958 INFO  [Log] Clicking on Webelement btn_LogIn 
2023-03-27 15:07:55,002 INFO  [Log] Wait for 5 seconds 
2023-03-27 15:07:57,018 INFO  [Log] Clicking on Webelement btn_LogOut 
2023-03-27 15:07:57,062 INFO  [Log] Wait for 5 seconds 
2023-03-27 15:07:59,086 INFO  [Log] Closing the browser 
2023-03-27 15:07:59,478 INFO  [Log] XXXXXXXXXXXXXXXXXXXXXXX             -E---N---D-             XXXXXXXXXXXXXXXXXXXXXX 
2023-03-27 15:07:59,478 INFO  [Log] X 
2023-03-27 15:07:59,478 INFO  [Log] X 
2023-03-27 15:07:59,478 INFO  [Log] X 
2023-03-27 15:07:59,478 INFO  [Log] X 
2023-03-27 15:14:17,800 INFO  [Log] **************************************************************************************** 
2023-03-27 15:14:17,801 INFO  [Log] **************************************************************************************** 
2023-03-27 15:14:17,801 INFO  [Log] $$$$$$$$$$$$$$$$$$$$$                 LogIn_01       $$$$$$$$$$$$$$$$$$$$$$$$$ 
2023-03-27 15:14:17,801 INFO  [Log] **************************************************************************************** 
2023-03-27 15:14:17,801 INFO  [Log] **************************************************************************************** 
2023-03-27 15:14:17,802 INFO  [Log] Opening Browser 
2023-03-27 15:14:20,891 INFO  [Log] Chrome browser started 
2023-03-27 15:14:21,015 INFO  [Log] Navigating to URL 
2023-03-27 15:14:25,124 INFO  [Log] Entering the text in txtbx_UserName 
2023-03-27 15:14:25,227 INFO  [Log] Entering the text in txtbx_Password 
2023-03-27 15:14:25,312 INFO  [Log] Clicking on Webelement btn_LogIn 
2023-03-27 15:14:25,370 INFO  [Log] Wait for 5 seconds 
2023-03-27 15:14:27,392 INFO  [Log] Clicking on Webelement btn_LogOut 
2023-03-27 15:14:27,451 INFO  [Log] Wait for 5 seconds 
2023-03-27 15:14:29,479 INFO  [Log] Closing the browser 
2023-03-27 15:14:29,873 INFO  [Log] XXXXXXXXXXXXXXXXXXXXXXX             -E---N---D-             XXXXXXXXXXXXXXXXXXXXXX 
2023-03-27 15:14:29,873 INFO  [Log] X 
2023-03-27 15:14:29,873 INFO  [Log] X 
2023-03-27 15:14:29,873 INFO  [Log] X 
2023-03-27 15:14:29,873 INFO  [Log] X 
2023-03-27 15:14:29,873 INFO  [Log] **************************************************************************************** 
2023-03-27 15:14:29,873 INFO  [Log] **************************************************************************************** 
2023-03-27 15:14:29,873 INFO  [Log] $$$$$$$$$$$$$$$$$$$$$                 LogIn_02       $$$$$$$$$$$$$$$$$$$$$$$$$ 
2023-03-27 15:14:29,873 INFO  [Log] **************************************************************************************** 
2023-03-27 15:14:29,873 INFO  [Log] **************************************************************************************** 
2023-03-27 15:14:29,873 INFO  [Log] Opening Browser 
2023-03-27 15:14:32,844 INFO  [Log] Mozilla browser started 
2023-03-27 15:14:32,864 INFO  [Log] Navigating to URL 
2023-03-27 15:14:36,287 INFO  [Log] Entering the text in txtbx_UserName 
2023-03-27 15:14:36,360 INFO  [Log] Entering the text in txtbx_Password 
2023-03-27 15:14:36,404 INFO  [Log] Clicking on Webelement btn_LogIn 
2023-03-27 15:14:36,636 INFO  [Log] Wait for 5 seconds 
2023-03-27 15:14:38,657 INFO  [Log] Clicking on Webelement btn_LogOut 
2023-03-27 15:14:38,898 INFO  [Log] Wait for 5 seconds 
2023-03-27 15:14:40,922 INFO  [Log] Closing the browser 
2023-03-27 15:14:42,405 INFO  [Log] XXXXXXXXXXXXXXXXXXXXXXX             -E---N---D-             XXXXXXXXXXXXXXXXXXXXXX 
2023-03-27 15:14:42,405 INFO  [Log] X 
2023-03-27 15:14:42,405 INFO  [Log] X 
2023-03-27 15:14:42,405 INFO  [Log] X 
2023-03-27 15:14:42,405 INFO  [Log] X 
2023-03-27 15:16:07,232 INFO  [Log] **************************************************************************************** 
2023-03-27 15:16:07,233 INFO  [Log] **************************************************************************************** 
2023-03-27 15:16:07,233 INFO  [Log] $$$$$$$$$$$$$$$$$$$$$                 LogIn_01       $$$$$$$$$$$$$$$$$$$$$$$$$ 
2023-03-27 15:16:07,233 INFO  [Log] **************************************************************************************** 
2023-03-27 15:16:07,233 INFO  [Log] **************************************************************************************** 
2023-03-27 15:16:07,235 INFO  [Log] Opening Browser 
2023-03-27 15:16:10,317 INFO  [Log] Chrome browser started 
2023-03-27 15:16:10,430 INFO  [Log] Navigating to URL 
2023-03-27 15:16:14,228 INFO  [Log] Entering the text in txtbx_UserName 
2023-03-27 15:16:14,320 INFO  [Log] Entering the text in txtbx_Password 
2023-03-27 15:16:14,395 INFO  [Log] Clicking on Webelement btn_LogIn 
2023-03-27 15:16:14,449 INFO  [Log] Wait for 5 seconds 
2023-03-27 15:16:16,471 INFO  [Log] Clicking on Webelement btn_LogOut 
2023-03-27 15:16:16,527 INFO  [Log] Wait for 5 seconds 
2023-03-27 15:16:18,552 INFO  [Log] Closing the browser 
2023-03-27 15:16:18,945 INFO  [Log] XXXXXXXXXXXXXXXXXXXXXXX             -E---N---D-             XXXXXXXXXXXXXXXXXXXXXX 
2023-03-27 15:16:18,945 INFO  [Log] X 
2023-03-27 15:16:18,945 INFO  [Log] X 
2023-03-27 15:16:18,945 INFO  [Log] X 
2023-03-27 15:16:18,945 INFO  [Log] X 
2023-03-27 15:16:18,946 INFO  [Log] **************************************************************************************** 
2023-03-27 15:16:18,946 INFO  [Log] **************************************************************************************** 
2023-03-27 15:16:18,946 INFO  [Log] $$$$$$$$$$$$$$$$$$$$$                 LogIn_02       $$$$$$$$$$$$$$$$$$$$$$$$$ 
2023-03-27 15:16:18,946 INFO  [Log] **************************************************************************************** 
2023-03-27 15:16:18,946 INFO  [Log] **************************************************************************************** 
2023-03-27 15:16:18,946 INFO  [Log] Opening Browser 
2023-03-27 15:16:21,834 INFO  [Log] Mozilla browser started 
2023-03-27 15:16:21,849 INFO  [Log] Navigating to URL 
2023-03-27 15:16:25,219 INFO  [Log] Entering the text in txtbx_UserName 
2023-03-27 15:16:25,286 INFO  [Log] Entering the text in txtbx_Password 
2023-03-27 15:16:25,326 INFO  [Log] Clicking on Webelement btn_LogIn 
2023-03-27 15:16:25,564 INFO  [Log] Wait for 5 seconds 
2023-03-27 15:16:27,577 INFO  [Log] Clicking on Webelement btn_LogOut 
2023-03-27 15:16:27,805 INFO  [Log] Wait for 5 seconds 
2023-03-27 15:16:29,823 INFO  [Log] Closing the browser 
2023-03-27 15:16:31,358 INFO  [Log] XXXXXXXXXXXXXXXXXXXXXXX             -E---N---D-             XXXXXXXXXXXXXXXXXXXXXX 
2023-03-27 15:16:31,359 INFO  [Log] X 
2023-03-27 15:16:31,359 INFO  [Log] X 
2023-03-27 15:16:31,359 INFO  [Log] X 
2023-03-27 15:16:31,359 INFO  [Log] X 
2023-03-27 15:16:31,359 INFO  [Log] **************************************************************************************** 
2023-03-27 15:16:31,359 INFO  [Log] **************************************************************************************** 
2023-03-27 15:16:31,359 INFO  [Log] $$$$$$$$$$$$$$$$$$$$$                 LogIn_02       $$$$$$$$$$$$$$$$$$$$$$$$$ 
2023-03-27 15:16:31,359 INFO  [Log] **************************************************************************************** 
2023-03-27 15:16:31,359 INFO  [Log] **************************************************************************************** 
2023-03-27 15:16:31,359 INFO  [Log] Opening Browser 
2023-03-27 15:16:34,291 INFO  [Log] Mozilla browser started 
2023-03-27 15:16:34,308 INFO  [Log] Navigating to URL 
2023-03-27 15:16:38,621 INFO  [Log] Entering the text in txtbx_UserName 
2023-03-27 15:16:38,677 INFO  [Log] Entering the text in txtbx_Password 
2023-03-27 15:16:38,713 INFO  [Log] Clicking on Webelement btn_LogIn 
2023-03-27 15:16:38,947 INFO  [Log] Wait for 5 seconds 
2023-03-27 15:16:40,964 INFO  [Log] Clicking on Webelement btn_LogOut 
2023-03-27 15:16:41,215 INFO  [Log] Wait for 5 seconds 
2023-03-27 15:16:43,242 INFO  [Log] Closing the browser 
2023-03-27 15:16:44,726 INFO  [Log] XXXXXXXXXXXXXXXXXXXXXXX             -E---N---D-             XXXXXXXXXXXXXXXXXXXXXX 
2023-03-27 15:16:44,726 INFO  [Log] X 
2023-03-27 15:16:44,726 INFO  [Log] X 
2023-03-27 15:16:44,726 INFO  [Log] X 
2023-03-27 15:16:44,726 INFO  [Log] X 
2023-03-27 15:17:51,053 INFO  [Log] **************************************************************************************** 
2023-03-27 15:17:51,053 INFO  [Log] **************************************************************************************** 
2023-03-27 15:17:51,053 INFO  [Log] $$$$$$$$$$$$$$$$$$$$$                 LogIn_01       $$$$$$$$$$$$$$$$$$$$$$$$$ 
2023-03-27 15:17:51,053 INFO  [Log] **************************************************************************************** 
2023-03-27 15:17:51,053 INFO  [Log] **************************************************************************************** 
2023-03-27 15:17:51,054 INFO  [Log] Opening Browser 
2023-03-27 15:17:54,110 INFO  [Log] Chrome browser started 
2023-03-27 15:17:54,241 INFO  [Log] Navigating to URL 
2023-03-27 15:17:58,045 INFO  [Log] Entering the text in txtbx_UserName 
2023-03-27 15:17:58,137 INFO  [Log] Entering the text in txtbx_Password 
2023-03-27 15:17:58,214 INFO  [Log] Clicking on Webelement btn_LogIn 
2023-03-27 15:17:58,271 INFO  [Log] Wait for 5 seconds 
2023-03-27 15:18:00,289 INFO  [Log] Clicking on Webelement btn_LogOut 
2023-03-27 15:18:00,336 INFO  [Log] Wait for 5 seconds 
2023-03-27 15:18:02,353 INFO  [Log] Closing the browser 
2023-03-27 15:18:02,702 INFO  [Log] XXXXXXXXXXXXXXXXXXXXXXX             -E---N---D-             XXXXXXXXXXXXXXXXXXXXXX 
2023-03-27 15:18:02,702 INFO  [Log] X 
2023-03-27 15:18:02,702 INFO  [Log] X 
2023-03-27 15:18:02,702 INFO  [Log] X 
2023-03-27 15:18:02,702 INFO  [Log] X 
2023-03-27 15:18:02,702 INFO  [Log] **************************************************************************************** 
2023-03-27 15:18:02,702 INFO  [Log] **************************************************************************************** 
2023-03-27 15:18:02,702 INFO  [Log] $$$$$$$$$$$$$$$$$$$$$                 LogIn_02       $$$$$$$$$$$$$$$$$$$$$$$$$ 
2023-03-27 15:18:02,702 INFO  [Log] **************************************************************************************** 
2023-03-27 15:18:02,703 INFO  [Log] **************************************************************************************** 
2023-03-27 15:18:02,703 INFO  [Log] Opening Browser 
2023-03-27 15:18:05,638 INFO  [Log] Mozilla browser started 
2023-03-27 15:18:05,651 INFO  [Log] Navigating to URL 
2023-03-27 15:18:09,619 INFO  [Log] Entering the text in txtbx_UserName 
2023-03-27 15:18:09,682 INFO  [Log] Entering the text in txtbx_Password 
2023-03-27 15:18:09,719 INFO  [Log] Clicking on Webelement btn_LogIn 
2023-03-27 15:18:09,950 INFO  [Log] Wait for 5 seconds 
2023-03-27 15:18:11,964 INFO  [Log] Clicking on Webelement btn_LogOut 
2023-03-27 15:18:12,212 INFO  [Log] Wait for 5 seconds 
2023-03-27 15:18:14,237 INFO  [Log] Closing the browser 
2023-03-27 15:18:15,622 INFO  [Log] XXXXXXXXXXXXXXXXXXXXXXX             -E---N---D-             XXXXXXXXXXXXXXXXXXXXXX 
2023-03-27 15:18:15,622 INFO  [Log] X 
2023-03-27 15:18:15,622 INFO  [Log] X 
2023-03-27 15:18:15,622 INFO  [Log] X 
2023-03-27 15:18:15,622 INFO  [Log] X 
2023-03-27 15:18:15,622 INFO  [Log] **************************************************************************************** 
2023-03-27 15:18:15,622 INFO  [Log] **************************************************************************************** 
2023-03-27 15:18:15,622 INFO  [Log] $$$$$$$$$$$$$$$$$$$$$                 LogIn_03       $$$$$$$$$$$$$$$$$$$$$$$$$ 
2023-03-27 15:18:15,622 INFO  [Log] **************************************************************************************** 
2023-03-27 15:18:15,622 INFO  [Log] **************************************************************************************** 
2023-03-27 15:18:15,623 INFO  [Log] Opening Browser 
2023-03-27 15:18:18,094 INFO  [Log] Edge browser started 
2023-03-27 15:18:18,107 INFO  [Log] Navigating to URL 
2023-03-27 15:18:22,324 INFO  [Log] Entering the text in txtbx_UserName 
2023-03-27 15:18:22,387 INFO  [Log] Entering the text in txtbx_Password 
2023-03-27 15:18:22,447 INFO  [Log] Clicking on Webelement btn_LogIn 
2023-03-27 15:18:22,491 INFO  [Log] Wait for 5 seconds 
2023-03-27 15:18:24,506 INFO  [Log] Clicking on Webelement btn_LogOut 
2023-03-27 15:18:24,561 INFO  [Log] Wait for 5 seconds 
2023-03-27 15:18:26,584 INFO  [Log] Closing the browser 
2023-03-27 15:18:27,355 INFO  [Log] XXXXXXXXXXXXXXXXXXXXXXX             -E---N---D-             XXXXXXXXXXXXXXXXXXXXXX 
2023-03-27 15:18:27,355 INFO  [Log] X 
2023-03-27 15:18:27,355 INFO  [Log] X 
2023-03-27 15:18:27,355 INFO  [Log] X 
2023-03-27 15:18:27,355 INFO  [Log] X 
2023-03-27 15:22:16,766 INFO  [Log] **************************************************************************************** 
2023-03-27 15:22:16,767 INFO  [Log] **************************************************************************************** 
2023-03-27 15:22:16,767 INFO  [Log] $$$$$$$$$$$$$$$$$$$$$                 LogIn_01       $$$$$$$$$$$$$$$$$$$$$$$$$ 
2023-03-27 15:22:16,767 INFO  [Log] **************************************************************************************** 
2023-03-27 15:22:16,767 INFO  [Log] **************************************************************************************** 
2023-03-27 15:22:16,768 INFO  [Log] Opening Browser 
2023-03-27 15:22:19,845 INFO  [Log] Chrome browser started 
2023-03-27 15:22:19,958 INFO  [Log] Navigating to URL 
2023-03-27 15:22:23,727 INFO  [Log] Entering the text in txtbx_UserName 
2023-03-27 15:22:23,823 INFO  [Log] Entering the text in txtbx_Password 
2023-03-27 15:22:23,903 INFO  [Log] Clicking on Webelement btn_LogIn 
2023-03-27 15:22:23,961 INFO  [Log] Wait for 5 seconds 
2023-03-27 15:22:25,990 INFO  [Log] Clicking on Webelement btn_LogOut 
2023-03-27 15:22:26,046 INFO  [Log] Wait for 5 seconds 
2023-03-27 15:22:28,076 INFO  [Log] Closing the browser 
2023-03-27 15:22:28,473 INFO  [Log] XXXXXXXXXXXXXXXXXXXXXXX             -E---N---D-             XXXXXXXXXXXXXXXXXXXXXX 
2023-03-27 15:22:28,473 INFO  [Log] X 
2023-03-27 15:22:28,473 INFO  [Log] X 
2023-03-27 15:22:28,473 INFO  [Log] X 
2023-03-27 15:22:28,473 INFO  [Log] X 
2023-03-27 15:22:28,474 INFO  [Log] **************************************************************************************** 
2023-03-27 15:22:28,474 INFO  [Log] **************************************************************************************** 
2023-03-27 15:22:28,474 INFO  [Log] $$$$$$$$$$$$$$$$$$$$$                 LogIn_02       $$$$$$$$$$$$$$$$$$$$$$$$$ 
2023-03-27 15:22:28,474 INFO  [Log] **************************************************************************************** 
2023-03-27 15:22:28,474 INFO  [Log] **************************************************************************************** 
2023-03-27 15:22:28,474 INFO  [Log] Opening Browser 
2023-03-27 15:22:31,250 INFO  [Log] Mozilla browser started 
2023-03-27 15:22:31,267 INFO  [Log] Navigating to URL 
2023-03-27 15:22:35,229 INFO  [Log] Entering the text in txtbx_UserName 
2023-03-27 15:22:35,299 INFO  [Log] Entering the text in txtbx_Password 
2023-03-27 15:22:35,347 INFO  [Log] Clicking on Webelement btn_LogIn 
2023-03-27 15:22:35,578 INFO  [Log] Wait for 5 seconds 
2023-03-27 15:22:37,597 INFO  [Log] Clicking on Webelement btn_LogOut 
2023-03-27 15:22:37,855 INFO  [Log] Wait for 5 seconds 
2023-03-27 15:22:39,876 INFO  [Log] Closing the browser 
2023-03-27 15:22:41,505 INFO  [Log] XXXXXXXXXXXXXXXXXXXXXXX             -E---N---D-             XXXXXXXXXXXXXXXXXXXXXX 
2023-03-27 15:22:41,505 INFO  [Log] X 
2023-03-27 15:22:41,506 INFO  [Log] X 
2023-03-27 15:22:41,506 INFO  [Log] X 
2023-03-27 15:22:41,506 INFO  [Log] X 
2023-03-27 15:22:41,506 INFO  [Log] **************************************************************************************** 
2023-03-27 15:22:41,506 INFO  [Log] **************************************************************************************** 
2023-03-27 15:22:41,506 INFO  [Log] $$$$$$$$$$$$$$$$$$$$$                 LogIn_03       $$$$$$$$$$$$$$$$$$$$$$$$$ 
2023-03-27 15:22:41,506 INFO  [Log] **************************************************************************************** 
2023-03-27 15:22:41,506 INFO  [Log] **************************************************************************************** 
2023-03-27 15:22:41,506 INFO  [Log] Opening Browser 
2023-03-27 15:22:43,963 INFO  [Log] Edge browser started 
2023-03-27 15:22:43,977 INFO  [Log] Navigating to URL 
2023-03-27 15:22:47,756 INFO  [Log] Entering the text in txtbx_UserName 
2023-03-27 15:22:47,821 INFO  [Log] Entering the text in txtbx_Password 
2023-03-27 15:22:47,882 INFO  [Log] Clicking on Webelement btn_LogIn 
2023-03-27 15:22:47,924 INFO  [Log] Wait for 5 seconds 
2023-03-27 15:22:49,940 INFO  [Log] Clicking on Webelement btn_LogOut 
2023-03-27 15:22:49,996 INFO  [Log] Wait for 5 seconds 
2023-03-27 15:22:52,021 INFO  [Log] Closing the browser 
2023-03-27 15:22:52,803 INFO  [Log] XXXXXXXXXXXXXXXXXXXXXXX             -E---N---D-             XXXXXXXXXXXXXXXXXXXXXX 
2023-03-27 15:22:52,803 INFO  [Log] X 
2023-03-27 15:22:52,803 INFO  [Log] X 
2023-03-27 15:22:52,803 INFO  [Log] X 
2023-03-27 15:22:52,803 INFO  [Log] X 
2023-03-27 16:39:31,491 ERROR [Log] Class Utils | Method getRowCount | Exception desc : Cannot invoke "org.apache.poi.xssf.usermodel.XSSFWorkbook.getSheet(String)" because "utility.ExcelUtils.ExcelWBook" is null 
2023-03-27 16:40:13,669 INFO  [Log] **************************************************************************************** 
2023-03-27 16:40:13,670 INFO  [Log] **************************************************************************************** 
2023-03-27 16:40:13,670 INFO  [Log] $$$$$$$$$$$$$$$$$$$$$                 LogIn_01       $$$$$$$$$$$$$$$$$$$$$$$$$ 
2023-03-27 16:40:13,670 INFO  [Log] **************************************************************************************** 
2023-03-27 16:40:13,670 INFO  [Log] **************************************************************************************** 
2023-03-27 16:40:13,671 INFO  [Log] Opening Browser 
2023-03-27 16:40:16,701 INFO  [Log] Chrome browser started 
2023-03-27 16:40:16,824 INFO  [Log] Navigating to URL 
2023-03-27 16:40:20,658 INFO  [Log] Entering the text in txtbx_UserName 
2023-03-27 16:40:20,764 INFO  [Log] Entering the text in txtbx_Password 
2023-03-27 16:40:20,837 INFO  [Log] Clicking on Webelement btn_LogIn 
2023-03-27 16:40:20,892 INFO  [Log] Wait for 5 seconds 
2023-03-27 16:40:22,914 INFO  [Log] Clicking on Webelement btn_LogOut 
2023-03-27 16:40:22,965 INFO  [Log] Wait for 5 seconds 
2023-03-27 16:40:24,996 INFO  [Log] Closing the browser 
2023-03-27 16:40:25,371 INFO  [Log] XXXXXXXXXXXXXXXXXXXXXXX             -E---N---D-             XXXXXXXXXXXXXXXXXXXXXX 
2023-03-27 16:40:25,371 INFO  [Log] X 
2023-03-27 16:40:25,371 INFO  [Log] X 
2023-03-27 16:40:25,371 INFO  [Log] X 
2023-03-27 16:40:25,371 INFO  [Log] X 
2023-03-27 16:40:25,372 INFO  [Log] **************************************************************************************** 
2023-03-27 16:40:25,372 INFO  [Log] **************************************************************************************** 
2023-03-27 16:40:25,372 INFO  [Log] $$$$$$$$$$$$$$$$$$$$$                 LogIn_02       $$$$$$$$$$$$$$$$$$$$$$$$$ 
2023-03-27 16:40:25,372 INFO  [Log] **************************************************************************************** 
2023-03-27 16:40:25,372 INFO  [Log] **************************************************************************************** 
2023-03-27 16:40:25,372 INFO  [Log] Opening Browser 
2023-03-27 16:40:28,416 INFO  [Log] Mozilla browser started 
2023-03-27 16:40:28,429 INFO  [Log] Navigating to URL 
2023-03-27 16:40:31,974 INFO  [Log] Entering the text in txtbx_UserName 
2023-03-27 16:40:32,037 INFO  [Log] Entering the text in txtbx_Password 
2023-03-27 16:40:32,086 INFO  [Log] Clicking on Webelement btn_LogIn 
2023-03-27 16:40:32,325 INFO  [Log] Wait for 5 seconds 
2023-03-27 16:40:34,343 INFO  [Log] Clicking on Webelement btn_LogOut 
2023-03-27 16:40:34,590 INFO  [Log] Wait for 5 seconds 
2023-03-27 16:40:36,604 INFO  [Log] Closing the browser 
2023-03-27 16:40:38,062 INFO  [Log] XXXXXXXXXXXXXXXXXXXXXXX             -E---N---D-             XXXXXXXXXXXXXXXXXXXXXX 
2023-03-27 16:40:38,062 INFO  [Log] X 
2023-03-27 16:40:38,062 INFO  [Log] X 
2023-03-27 16:40:38,062 INFO  [Log] X 
2023-03-27 16:40:38,062 INFO  [Log] X 
2023-03-27 16:40:38,062 INFO  [Log] **************************************************************************************** 
2023-03-27 16:40:38,063 INFO  [Log] **************************************************************************************** 
2023-03-27 16:40:38,063 INFO  [Log] $$$$$$$$$$$$$$$$$$$$$                 LogIn_03       $$$$$$$$$$$$$$$$$$$$$$$$$ 
2023-03-27 16:40:38,063 INFO  [Log] **************************************************************************************** 
2023-03-27 16:40:38,063 INFO  [Log] **************************************************************************************** 
2023-03-27 16:40:38,063 INFO  [Log] Opening Browser 
2023-03-27 16:40:40,399 INFO  [Log] Edge browser started 
2023-03-27 16:40:40,410 INFO  [Log] Navigating to URL 
2023-03-27 16:40:44,206 INFO  [Log] Entering the text in txtbx_UserName 
2023-03-27 16:40:44,270 INFO  [Log] Entering the text in txtbx_Password 
2023-03-27 16:40:44,329 INFO  [Log] Clicking on Webelement btn_LogIn 
2023-03-27 16:40:44,372 INFO  [Log] Wait for 5 seconds 
2023-03-27 16:40:46,387 INFO  [Log] Clicking on Webelement btn_LogOut 
2023-03-27 16:40:46,436 INFO  [Log] Wait for 5 seconds 
2023-03-27 16:40:48,462 INFO  [Log] Closing the browser 
2023-03-27 16:40:49,219 INFO  [Log] XXXXXXXXXXXXXXXXXXXXXXX             -E---N---D-             XXXXXXXXXXXXXXXXXXXXXX 
2023-03-27 16:40:49,219 INFO  [Log] X 
2023-03-27 16:40:49,219 INFO  [Log] X 
2023-03-27 16:40:49,219 INFO  [Log] X 
2023-03-27 16:40:49,219 INFO  [Log] X 
